<?xml version="1.0" encoding="UTF-8"?>
<testng-results skipped="0" failed="0" ignored="0" total="1" passed="1">
  <reporter-output>
  </reporter-output>
  <suite name="Default suite" duration-ms="20677" started-at="2019-01-18T19:56:11Z" finished-at="2019-01-18T19:56:32Z">
    <groups>
    </groups>
    <test name="Default test" duration-ms="20677" started-at="2019-01-18T19:56:11Z" finished-at="2019-01-18T19:56:32Z">
      <class name="Test.Test_Accessibility">
        <test-method status="PASS" signature="testAccessibility()[pri:0, instance:Test.Test_Accessibility@4e91d63f]" name="testAccessibility" duration-ms="20383" started-at="2019-01-18T19:56:11Z" finished-at="2019-01-18T19:56:32Z">
          <reporter-output>
          </reporter-output>
        </test-method> <!-- testAccessibility -->
      </class> <!-- Test.Test_Accessibility -->
    </test> <!-- Default test -->
  </suite> <!-- Default suite -->
</testng-results>
